<?xml version="1.0" encoding="UTF-8"?>
<!-- Generated by org.testng.reporters.JUnitXMLReporter -->
<testsuite ignored="0" hostname="Nataraj" failures="0" tests="5" name="Test" time="45.955" errors="0" timestamp="2026-04-01T13:14:21 IST">
  <testcase classname="testCases.TC003_Logindatadriven" name="verify_Logindatadriven" time="2.609"/>
  <testcase classname="testCases.TC003_Logindatadriven" name="verify_Logindatadriven" time="10.65"/>
  <testcase classname="testCases.TC003_Logindatadriven" name="verify_Logindatadriven" time="11.621"/>
  <testcase classname="testCases.TC003_Logindatadriven" name="verify_Logindatadriven" time="10.635"/>
  <testcase classname="testCases.TC003_Logindatadriven" name="verify_Logindatadriven" time="1.958"/>
</testsuite> <!-- Test -->
