<?xml version="1.0" encoding="UTF-8"?>
<testng-results ignored="0" total="5" passed="5" failed="0" skipped="0">
  <reporter-output>
  </reporter-output>
  <suite started-at="2026-04-01T13:13:34 IST" name="Suite" finished-at="2026-04-01T13:14:20 IST" duration-ms="45955">
    <groups>
      <group name="Datadriven">
        <method signature="TC003_Logindatadriven.verify_Logindatadriven(java.lang.String,java.lang.String,java.lang.String)[pri:0, instance:testCases.TC003_Logindatadriven@2667f029]" name="verify_Logindatadriven" class="testCases.TC003_Logindatadriven"/>
      </group> <!-- Datadriven -->
    </groups>
    <test started-at="2026-04-01T13:13:34 IST" name="Test" finished-at="2026-04-01T13:14:20 IST" duration-ms="45955">
      <class name="testCases.TC003_Logindatadriven">
        <test-method is-config="true" signature="setup(java.lang.String,java.lang.String)[pri:0, instance:testCases.TC003_Logindatadriven@2667f029]" started-at="2026-04-01T13:13:34 IST" name="setup" finished-at="2026-04-01T13:13:40 IST" duration-ms="5381" status="PASS">
          <params>
            <param index="0">
              <value>
                <![CDATA[Windows]]>
              </value>
            </param>
            <param index="1">
              <value>
                <![CDATA[chrome]]>
              </value>
            </param>
          </params>
          <reporter-output>
          </reporter-output>
        </test-method> <!-- setup -->
        <test-method signature="verify_Logindatadriven(java.lang.String,java.lang.String,java.lang.String)[pri:0, instance:testCases.TC003_Logindatadriven@2667f029]" started-at="2026-04-01T13:13:42 IST" name="verify_Logindatadriven" data-provider="LoginData" finished-at="2026-04-01T13:13:44 IST" duration-ms="2609" status="PASS">
          <params>
            <param index="0">
              <value>
                <![CDATA[vidya.shreelaxmi@gmail.com]]>
              </value>
            </param>
            <param index="1">
              <value>
                <![CDATA[Vidya@0810]]>
              </value>
            </param>
            <param index="2">
              <value>
                <![CDATA[Valid]]>
              </value>
            </param>
          </params>
          <reporter-output>
          </reporter-output>
        </test-method> <!-- verify_Logindatadriven -->
        <test-method signature="verify_Logindatadriven(java.lang.String,java.lang.String,java.lang.String)[pri:0, instance:testCases.TC003_Logindatadriven@2667f029]" started-at="2026-04-01T13:13:44 IST" name="verify_Logindatadriven" data-provider="LoginData" finished-at="2026-04-01T13:13:55 IST" duration-ms="10650" status="PASS">
          <params>
            <param index="0">
              <value>
                <![CDATA[laxmi@gmail.com]]>
              </value>
            </param>
            <param index="1">
              <value>
                <![CDATA[Laxmi@12]]>
              </value>
            </param>
            <param index="2">
              <value>
                <![CDATA[Invalid]]>
              </value>
            </param>
          </params>
          <reporter-output>
          </reporter-output>
        </test-method> <!-- verify_Logindatadriven -->
        <test-method signature="verify_Logindatadriven(java.lang.String,java.lang.String,java.lang.String)[pri:0, instance:testCases.TC003_Logindatadriven@2667f029]" started-at="2026-04-01T13:13:55 IST" name="verify_Logindatadriven" data-provider="LoginData" finished-at="2026-04-01T13:14:07 IST" duration-ms="11621" status="PASS">
          <params>
            <param index="0">
              <value>
                <![CDATA[laxs@gmail.com]]>
              </value>
            </param>
            <param index="1">
              <value>
                <![CDATA[yfhhg#12]]>
              </value>
            </param>
            <param index="2">
              <value>
                <![CDATA[Invalid]]>
              </value>
            </param>
          </params>
          <reporter-output>
          </reporter-output>
        </test-method> <!-- verify_Logindatadriven -->
        <test-method signature="verify_Logindatadriven(java.lang.String,java.lang.String,java.lang.String)[pri:0, instance:testCases.TC003_Logindatadriven@2667f029]" started-at="2026-04-01T13:14:07 IST" name="verify_Logindatadriven" data-provider="LoginData" finished-at="2026-04-01T13:14:18 IST" duration-ms="10635" status="PASS">
          <params>
            <param index="0">
              <value>
                <![CDATA[abcgug@gmail.com]]>
              </value>
            </param>
            <param index="1">
              <value>
                <![CDATA[oiguv@56]]>
              </value>
            </param>
            <param index="2">
              <value>
                <![CDATA[Invalid]]>
              </value>
            </param>
          </params>
          <reporter-output>
          </reporter-output>
        </test-method> <!-- verify_Logindatadriven -->
        <test-method signature="verify_Logindatadriven(java.lang.String,java.lang.String,java.lang.String)[pri:0, instance:testCases.TC003_Logindatadriven@2667f029]" started-at="2026-04-01T13:14:18 IST" name="verify_Logindatadriven" data-provider="LoginData" finished-at="2026-04-01T13:14:20 IST" duration-ms="1958" status="PASS">
          <params>
            <param index="0">
              <value>
                <![CDATA[xyzabc.12@gmail.com]]>
              </value>
            </param>
            <param index="1">
              <value>
                <![CDATA[Shree@123]]>
              </value>
            </param>
            <param index="2">
              <value>
                <![CDATA[Valid]]>
              </value>
            </param>
          </params>
          <reporter-output>
          </reporter-output>
        </test-method> <!-- verify_Logindatadriven -->
        <test-method is-config="true" signature="tearDown()[pri:0, instance:testCases.TC003_Logindatadriven@2667f029]" started-at="2026-04-01T13:14:20 IST" name="tearDown" finished-at="2026-04-01T13:14:20 IST" duration-ms="236" status="PASS">
          <reporter-output>
          </reporter-output>
        </test-method> <!-- tearDown -->
      </class> <!-- testCases.TC003_Logindatadriven -->
    </test> <!-- Test -->
  </suite> <!-- Suite -->
</testng-results>
