<?xml version="1.0" encoding="UTF-8"?>
<testsuite xmlns:xsi="http://www.w3.org/2001/XMLSchema-instance" xsi:noNamespaceSchemaLocation="https://maven.apache.org/surefire/maven-surefire-plugin/xsd/surefire-test-report.xsd" version="3.0.2" name="TestSuite" time="48.435" tests="5" errors="0" skipped="0" failures="0" flakes="0">
  <properties>
[...]
</properties>
  <testcase name="verify_Logindatadriven[vidya.shreelaxmi@gmail.com, Vidya@0810, Valid](1)" classname="testCases.TC003_Logindatadriven" time="2.752">
    <system-err><![CDATA[Apr 01, 2026 1:13:39 PM org.openqa.selenium.devtools.CdpVersionFinder findNearestMatch
WARNING: Unable to find an exact match for CDP version 146, returning the closest version; found: 144; Please update to a Selenium version that supports CDP version 146
]]></system-err>
  </testcase>
  <testcase name="verify_Logindatadriven[laxmi@gmail.com, Laxmi@12, Invalid](2)" classname="testCases.TC003_Logindatadriven" time="10.779"/>
  <testcase name="verify_Logindatadriven[laxs@gmail.com, yfhhg#12, Invalid](3)" classname="testCases.TC003_Logindatadriven" time="11.705"/>
  <testcase name="verify_Logindatadriven[abcgug@gmail.com, oiguv@56, Invalid](4)" classname="testCases.TC003_Logindatadriven" time="10.74"/>
  <testcase name="verify_Logindatadriven[xyzabc.12@gmail.com, Shree@123, Valid](5)" classname="testCases.TC003_Logindatadriven" time="2.066"/>
</testsuite>