<?xml version="1.0" encoding="UTF-8"?>
<testng-results ignored="0" total="2" passed="2" failed="0" skipped="0">
  <reporter-output>
  </reporter-output>
  <suite started-at="2026-03-30T22:51:12 IST" name="Master Suite" finished-at="2026-03-30T22:51:29 IST" duration-ms="16324">
    <groups>
      <group name="Master">
        <method signature="TC001_AccountregistrationTest.verify_account_registration()[pri:0, instance:testCases.TC001_AccountregistrationTest@35e2d654]" name="verify_account_registration" class="testCases.TC001_AccountregistrationTest"/>
        <method signature="TC002_LoginTest.verify_Login()[pri:0, instance:testCases.TC002_LoginTest@7d8995e]" name="verify_Login" class="testCases.TC002_LoginTest"/>
      </group> <!-- Master -->
      <group name="Sanity">
        <method signature="TC002_LoginTest.verify_Login()[pri:0, instance:testCases.TC002_LoginTest@7d8995e]" name="verify_Login" class="testCases.TC002_LoginTest"/>
      </group> <!-- Sanity -->
      <group name="Regression">
        <method signature="TC001_AccountregistrationTest.verify_account_registration()[pri:0, instance:testCases.TC001_AccountregistrationTest@35e2d654]" name="verify_account_registration" class="testCases.TC001_AccountregistrationTest"/>
      </group> <!-- Regression -->
    </groups>
    <test started-at="2026-03-30T22:51:12 IST" name="grouping" finished-at="2026-03-30T22:51:29 IST" duration-ms="16324">
      <class name="testCases.TC002_LoginTest">
        <test-method is-config="true" signature="setup(java.lang.String,java.lang.String)[pri:0, instance:testCases.TC002_LoginTest@7d8995e]" started-at="2026-03-30T22:51:23 IST" name="setup" finished-at="2026-03-30T22:51:26 IST" duration-ms="3255" status="PASS">
          <params>
            <param index="0">
              <value>
                <![CDATA[Windows]]>
              </value>
            </param>
            <param index="1">
              <value>
                <![CDATA[chrome]]>
              </value>
            </param>
          </params>
          <reporter-output>
          </reporter-output>
        </test-method> <!-- setup -->
        <test-method signature="verify_Login()[pri:0, instance:testCases.TC002_LoginTest@7d8995e]" started-at="2026-03-30T22:51:26 IST" name="verify_Login" finished-at="2026-03-30T22:51:28 IST" duration-ms="2265" status="PASS">
          <reporter-output>
          </reporter-output>
        </test-method> <!-- verify_Login -->
        <test-method is-config="true" signature="tearDown()[pri:0, instance:testCases.TC002_LoginTest@7d8995e]" started-at="2026-03-30T22:51:28 IST" name="tearDown" finished-at="2026-03-30T22:51:29 IST" duration-ms="382" status="PASS">
          <reporter-output>
          </reporter-output>
        </test-method> <!-- tearDown -->
      </class> <!-- testCases.TC002_LoginTest -->
      <class name="testCases.TC001_AccountregistrationTest">
        <test-method is-config="true" signature="setup(java.lang.String,java.lang.String)[pri:0, instance:testCases.TC001_AccountregistrationTest@35e2d654]" started-at="2026-03-30T22:51:13 IST" name="setup" finished-at="2026-03-30T22:51:19 IST" duration-ms="5768" status="PASS">
          <params>
            <param index="0">
              <value>
                <![CDATA[Windows]]>
              </value>
            </param>
            <param index="1">
              <value>
                <![CDATA[chrome]]>
              </value>
            </param>
          </params>
          <reporter-output>
          </reporter-output>
        </test-method> <!-- setup -->
        <test-method signature="verify_account_registration()[pri:0, instance:testCases.TC001_AccountregistrationTest@35e2d654]" started-at="2026-03-30T22:51:19 IST" name="verify_account_registration" finished-at="2026-03-30T22:51:22 IST" duration-ms="3473" status="PASS">
          <reporter-output>
          </reporter-output>
        </test-method> <!-- verify_account_registration -->
        <test-method is-config="true" signature="tearDown()[pri:0, instance:testCases.TC001_AccountregistrationTest@35e2d654]" started-at="2026-03-30T22:51:22 IST" name="tearDown" finished-at="2026-03-30T22:51:23 IST" duration-ms="256" status="PASS">
          <reporter-output>
          </reporter-output>
        </test-method> <!-- tearDown -->
      </class> <!-- testCases.TC001_AccountregistrationTest -->
    </test> <!-- grouping -->
  </suite> <!-- Master Suite -->
</testng-results>
