<?xml version="1.0" encoding="UTF-8"?>
<testng-results ignored="0" total="1" passed="1" failed="0" skipped="0">
  <reporter-output>
  </reporter-output>
  <suite started-at="2026-04-02T05:50:46 IST" name="Suite" finished-at="2026-04-02T05:50:55 IST" duration-ms="8345">
    <groups>
    </groups>
    <test started-at="2026-04-02T05:50:46 IST" name="Test" finished-at="2026-04-02T05:50:55 IST" duration-ms="8345">
      <class name="testCases.TC004_Search">
        <test-method is-config="true" signature="setup(java.lang.String,java.lang.String)[pri:0, instance:testCases.TC004_Search@49139829]" started-at="2026-04-02T05:50:47 IST" name="setup" finished-at="2026-04-02T05:50:53 IST" duration-ms="5950" status="PASS">
          <params>
            <param index="0">
              <value>
                <![CDATA[Windows]]>
              </value>
            </param>
            <param index="1">
              <value>
                <![CDATA[chrome]]>
              </value>
            </param>
          </params>
          <reporter-output>
          </reporter-output>
        </test-method> <!-- setup -->
        <test-method signature="verify_Serach()[pri:0, instance:testCases.TC004_Search@49139829]" started-at="2026-04-02T05:50:53 IST" name="verify_Serach" finished-at="2026-04-02T05:50:54 IST" duration-ms="1437" status="PASS">
          <reporter-output>
          </reporter-output>
        </test-method> <!-- verify_Serach -->
        <test-method is-config="true" signature="tearDown()[pri:0, instance:testCases.TC004_Search@49139829]" started-at="2026-04-02T05:50:54 IST" name="tearDown" finished-at="2026-04-02T05:50:55 IST" duration-ms="351" status="PASS">
          <reporter-output>
          </reporter-output>
        </test-method> <!-- tearDown -->
      </class> <!-- testCases.TC004_Search -->
    </test> <!-- Test -->
  </suite> <!-- Suite -->
</testng-results>
