<?xml version="1.0" encoding="UTF-8"?>
<!-- Generated by org.testng.reporters.JUnitReportReporter -->
<testsuite hostname="Nataraj" failures="0" tests="5" name="testCases.TC003_Logindatadriven" time="42.600" errors="0" timestamp="2026-03-30T10:29:03 IST" skipped="0">
  <testcase classname="testCases.TC003_Logindatadriven" name="verify_Logindatadriven" time="2.172"/>
  <testcase classname="testCases.TC003_Logindatadriven" name="verify_Logindatadriven" time="12.106"/>
  <testcase classname="testCases.TC003_Logindatadriven" name="verify_Logindatadriven" time="11.972"/>
  <testcase classname="testCases.TC003_Logindatadriven" name="verify_Logindatadriven" time="3.523"/>
  <testcase classname="testCases.TC003_Logindatadriven" name="verify_Logindatadriven" time="12.827"/>
</testsuite> <!-- testCases.TC003_Logindatadriven -->
