<?xml version="1.0" encoding="UTF-8"?>
<!-- Generated by org.testng.reporters.JUnitReportReporter -->
<testsuite hostname="Nataraj" failures="0" tests="5" name="testCases.TC003_Logindatadriven" time="37.473" errors="0" timestamp="2026-04-01T13:14:22 IST" skipped="0">
  <testcase classname="testCases.TC003_Logindatadriven" name="verify_Logindatadriven" time="1.958"/>
  <testcase classname="testCases.TC003_Logindatadriven" name="verify_Logindatadriven" time="2.609"/>
  <testcase classname="testCases.TC003_Logindatadriven" name="verify_Logindatadriven" time="10.635"/>
  <testcase classname="testCases.TC003_Logindatadriven" name="verify_Logindatadriven" time="10.650"/>
  <testcase classname="testCases.TC003_Logindatadriven" name="verify_Logindatadriven" time="11.621"/>
</testsuite> <!-- testCases.TC003_Logindatadriven -->
